<?xml version="1.0" encoding="UTF-8"?>
<testng-results skipped="0" failed="0" ignored="0" total="1" passed="1">
  <reporter-output>
  </reporter-output>
  <suite name="Suite" duration-ms="42373" started-at="2024-07-30T23:53:14 IST" finished-at="2024-07-30T23:53:56 IST">
    <groups>
    </groups>
    <test name="Test" duration-ms="42373" started-at="2024-07-30T23:53:14 IST" finished-at="2024-07-30T23:53:56 IST">
      <class name="testCases.SelectableTest">
        <test-method status="PASS" signature="setUp()[pri:0, instance:testCases.SelectableTest@491b9b8]" name="setUp" is-config="true" duration-ms="3691" started-at="2024-07-30T23:53:14 IST" finished-at="2024-07-30T23:53:18 IST">
          <reporter-output>
          </reporter-output>
        </test-method> <!-- setUp -->
        <test-method status="PASS" signature="testSelectable()[pri:0, instance:testCases.SelectableTest@491b9b8]" name="testSelectable" duration-ms="38572" started-at="2024-07-30T23:53:18 IST" finished-at="2024-07-30T23:53:56 IST">
          <reporter-output>
          </reporter-output>
        </test-method> <!-- testSelectable -->
      </class> <!-- testCases.SelectableTest -->
    </test> <!-- Test -->
  </suite> <!-- Suite -->
</testng-results>
