<?xml version="1.0" encoding="UTF-8"?>
<testng-results skipped="0" failed="0" ignored="0" total="2" passed="2">
  <reporter-output>
  </reporter-output>
  <suite name="Default suite" duration-ms="152" started-at="2024-06-13T14:24:36 IST" finished-at="2024-06-13T14:24:36 IST">
    <groups>
    </groups>
    <test name="Default test" duration-ms="152" started-at="2024-06-13T14:24:36 IST" finished-at="2024-06-13T14:24:36 IST">
      <class name="sampleprograms.TestNGSample">
        <test-method status="PASS" signature="firstTestCase()[pri:0, instance:sampleprograms.TestNGSample@4b1c1ea0]" name="firstTestCase" duration-ms="24" started-at="2024-06-13T14:24:36 IST" finished-at="2024-06-13T14:24:36 IST">
          <reporter-output>
          </reporter-output>
        </test-method> <!-- firstTestCase -->
        <test-method status="PASS" signature="print()[pri:0, instance:sampleprograms.TestNGSample@4b1c1ea0]" name="print" duration-ms="3" started-at="2024-06-13T14:24:36 IST" finished-at="2024-06-13T14:24:36 IST">
          <reporter-output>
          </reporter-output>
        </test-method> <!-- print -->
      </class> <!-- sampleprograms.TestNGSample -->
    </test> <!-- Default test -->
  </suite> <!-- Default suite -->
</testng-results>
